2023-06-21 16:57:30,320:Added Book Successfully
2023-06-21 17:30:11,646:Added Book Successfully
2023-06-21 17:36:36,285:Book Deleted Successfully
2023-06-21 17:46:01,537:Added Book Successfully
2023-06-21 17:52:17,331:Sign up page created successfully
2023-06-21 17:53:00,602:login Success
2023-06-22 09:46:38,329:Already Exist
2023-06-22 10:03:11,605:Sign up page created successfully
2023-06-22 10:04:21,194:login Success
2023-06-22 10:12:55,994:login Success
2023-06-22 10:14:22,180:login Success
2023-06-22 10:15:26,590:login Success
2023-06-22 11:10:33,275:login Success
2023-06-22 11:33:01,207:Added Book Successfully
2023-06-22 11:47:43,511:Update failed
2023-06-22 11:49:26,231:Update failed
2023-06-22 11:51:40,792:Update failed
2023-06-22 12:42:24,956:Added Book Successfully
2023-06-22 14:16:42,114:updated Successfully
2023-06-22 14:17:20,434:updated Successfully
2023-06-22 16:05:58,434:login Success
2023-06-22 16:06:04,960:login Success
2023-06-23 11:42:45,092:Sign up page created successfully
2023-06-23 11:47:50,791:login Success
2023-06-23 11:48:53,632:login Success
2023-06-23 11:52:43,429:login Success
2023-06-23 11:53:55,654:login Success
2023-06-23 11:55:10,628:login Success
2023-06-23 11:55:55,680:login Success
2023-06-23 11:59:21,080:login Success
2023-06-23 12:01:11,091:login Success
2023-06-23 12:05:38,260:login Success
2023-06-23 12:07:01,276:login Success
2023-06-23 12:09:37,633:login Success
2023-06-23 12:09:47,380:Added Book Successfully
2023-06-23 12:10:55,575:login Success
2023-06-23 12:12:20,444:login Success
2023-06-23 12:13:10,120:login Success
2023-06-23 12:15:01,895:login Success
2023-06-23 12:15:51,827:login Success
2023-06-23 12:16:26,295:Book Deleted Successfully
2023-06-23 12:17:29,976:login Success
2023-06-23 12:17:52,866:login Success
2023-06-23 12:22:27,227:login Success
2023-06-23 12:23:05,721:Added Book Successfully
2023-06-23 12:23:16,998:updated Successfully
2023-06-23 17:23:48,000:login Success
2023-06-23 17:24:24,997:Added Book Successfully
2023-06-23 18:41:26,339:Sign up page created successfully
2023-06-23 18:41:37,629:incorrect username or password
2023-06-23 18:41:52,068:login Success
2023-06-23 18:42:03,209:login Success
2023-06-23 18:42:14,206:Added Book Successfully
2023-06-23 18:42:38,576:Update failed
2023-06-23 18:42:58,214:updated Successfully
2023-06-23 18:44:19,430:Book Not there
2023-06-23 18:44:42,635:Book Not there
2023-06-23 18:45:24,080:Book Not there
2023-06-23 18:46:14,599:Book Deleted Successfully
2023-06-26 14:26:03,565:login Success
2023-06-26 14:27:42,680:updated Successfully
2023-06-26 14:28:26,965:login Success
2023-06-26 14:31:07,884:updated Successfully
2023-06-26 16:01:58,497:login Success
2023-06-26 16:02:07,264:updated Successfully
2023-06-26 16:02:30,914:login Success
2023-06-26 16:02:37,976:updated Successfully
2023-06-26 16:04:28,543:login Success
2023-06-26 16:05:52,126:login Success
2023-06-26 16:07:42,887:login Success
2023-06-26 16:08:52,724:login Success
2023-06-26 16:09:01,064:Added Book Successfully
2023-06-26 16:10:32,329:login Success
2023-06-26 16:11:43,859:login Success
2023-06-26 16:11:54,069:Book Not there
2023-06-26 16:12:26,504:Book Not there
2023-06-26 16:14:07,504:Book Not there
2023-06-26 16:15:35,853:Book Deleted Successfully
2023-06-27 12:37:53,328:login Success
2023-06-27 12:39:13,479:Sign up page created successfully
2023-06-27 12:39:45,220:login Success
2023-06-27 12:40:28,419:login Success
2023-06-27 12:40:53,553:login Success
2023-06-27 12:59:41,027:Sign up page created successfully
2023-06-27 13:00:02,014:login Success
2023-06-27 13:06:21,457:login Success
2023-06-27 13:08:44,292:login Success
2023-06-27 13:11:34,118:login Success
2023-06-27 13:11:42,251:Added Book Successfully
2023-06-27 13:59:34,694:Book Not there
2023-06-27 13:59:45,327:Book Deleted Successfully
2023-06-27 14:04:08,398:login Success
2023-06-27 14:05:31,726:login Success
2023-06-27 14:06:45,318:login Success
2023-06-27 14:07:33,849:login Success
2023-06-27 14:08:47,461:login Success
2023-06-27 14:09:22,047:login Success
2023-06-27 14:11:28,105:login Success
2023-06-27 14:12:14,642:login Success
2023-06-27 14:12:20,728:updated Successfully
2023-06-27 14:30:04,170:incorrect username or password
2023-06-27 14:30:08,558:login Success
2023-06-27 14:31:06,978:login Success
